Microsoft (R) Macro Assembler Version 6.11d		    09/30/08 17:14:53
step6.asm						     Page 1 - 1


				;=============================================================================
				; PROGRAM: LAB3B.ASM
				;
				; DESCRIPTION: A program which demonstrates the manipulation of data variables
				; in memory
				;
				; AUTHOR: Cahvin Ouellet-Ference
				;=============================================================================

				        Assume cs:code, ds:data
 0000				code    SEGMENT
 0000				main    PROC
 0000				init:
 0000  B8 ---- R		        mov     ax,data ;beinging instructions
 0003  8E D8			        mov     ds,ax   ;data segment

 0005				start:
 0005  8A 26 0011 R			mov	ah,byte16
 0009  88 26 0012 R			mov	byte16+1,ah
 000D  8A 26 0010 R			mov	ah,byte15
 0011  88 26 0013 R			mov	byte16+2,ah
 0015  8A 26 000F R			mov	ah,byte14
 0019  88 26 0014 R			mov	byte16+3,ah
 001D  8A 26 000E R			mov	ah,byte13
 0021  88 26 0015 R			mov	byte16+4,ah
 0025  8A 26 000D R			mov	ah,byte12
 0029  88 26 0016 R			mov	byte16+5,ah
 002D  8A 26 000C R			mov	ah,byte11
 0031  88 26 0017 R			mov	byte16+6,ah
 0035  8A 26 000B R			mov	ah,byte10
 0039  88 26 0018 R			mov	byte16+7,ah
 003D  8A 26 000A R			mov	ah,byte9
 0041  88 26 0019 R			mov	byte16+8,ah
 0045  8A 26 0009 R			mov	ah,byte8
 0049  88 26 001A R			mov	byte16+9,ah
 004D  8A 26 0008 R			mov	ah,byte7
 0051  88 26 001B R			mov	byte16+10,ah
 0055  8A 26 0007 R			mov	ah,byte6
 0059  88 26 001C R			mov	byte16+11,ah
 005D  8A 26 0006 R			mov	ah,byte5
 0061  88 26 001D R			mov	byte16+12,ah
 0065  8A 26 0005 R			mov	ah,byte4
 0069  88 26 001E R			mov	byte16+13,ah
 006D  8A 26 0004 R			mov	ah,byte3
 0071  88 26 001F R			mov	byte16+14,ah
 0075  8A 26 0003 R			mov	ah,byte2
 0079  88 26 0020 R			mov	byte16+15,ah
 007D  8A 26 0002 R			mov	ah,byte1
 0081  88 26 0021 R			mov	byte16+16,ah
				        
 0085				back2dos:

 0085  B8 4C00			        mov     ax,4c00h
 0088  CD 21			        int     21h

 008A				main    ENDP
 008A				code    ENDS
				;
				; Data Section below
				;
				;
				;
				;

 0000				data    SEGMENT
 0000 9999			word1   DW      9999h   ;marker
 0002 A5			byte1	DB	0A5h
 0003 7B			byte2	DB	7bh
 0004 6E			byte3	DB	6eh
 0005 2D			byte4 	DB	2dh
 0006 1F			byte5	DB	1fh
 0007 0C			byte6	DB	0ch
 0008 77			byte7	DB	77h
 0009 99			byte8	DB	99h
 000A 10			byte9	DB	10h
 000B BB			byte10	DB	0bbh
 000C 3D			byte11	DB	3dh
 000D 43			byte12	DB	43h
 000E 00			byte13	DB	0h
 000F 00			byte14	DB	0h
 0010 55			byte15	DB	55h
 0011 AA			byte16	DB	0AAh
 0012  0010 [				DB	16 DUP (0)
        00
       ]

 0022				data    ENDS

				        END

Microsoft (R) Macro Assembler Version 6.11d		    09/30/08 17:14:53
step6.asm						     Symbols 2 - 1




Segments and Groups:

                N a m e                 Size     Length   Align   Combine Class

code . . . . . . . . . . . . . .	16 Bit	 008A	  Para	  Private 
data . . . . . . . . . . . . . .	16 Bit	 0022	  Para	  Private 


Procedures,  parameters and locals:

                N a m e                 Type     Value    Attr

main . . . . . . . . . . . . . .	P Near	 0000	  code	Length= 008A Public
  init . . . . . . . . . . . . .	L Near	 0000	  code	
  start  . . . . . . . . . . . .	L Near	 0005	  code	
  back2dos . . . . . . . . . . .	L Near	 0085	  code	


Symbols:

                N a m e                 Type     Value    Attr

byte10 . . . . . . . . . . . . .	Byte	 000B	  data	
byte11 . . . . . . . . . . . . .	Byte	 000C	  data	
byte12 . . . . . . . . . . . . .	Byte	 000D	  data	
byte13 . . . . . . . . . . . . .	Byte	 000E	  data	
byte14 . . . . . . . . . . . . .	Byte	 000F	  data	
byte15 . . . . . . . . . . . . .	Byte	 0010	  data	
byte16 . . . . . . . . . . . . .	Byte	 0011	  data	
byte1  . . . . . . . . . . . . .	Byte	 0002	  data	
byte2  . . . . . . . . . . . . .	Byte	 0003	  data	
byte3  . . . . . . . . . . . . .	Byte	 0004	  data	
byte4  . . . . . . . . . . . . .	Byte	 0005	  data	
byte5  . . . . . . . . . . . . .	Byte	 0006	  data	
byte6  . . . . . . . . . . . . .	Byte	 0007	  data	
byte7  . . . . . . . . . . . . .	Byte	 0008	  data	
byte8  . . . . . . . . . . . . .	Byte	 0009	  data	
byte9  . . . . . . . . . . . . .	Byte	 000A	  data	
word1  . . . . . . . . . . . . .	Word	 0000	  data	

	   0 Warnings
	   0 Errors
