Microsoft (R) Macro Assembler Version 6.11d		    10/22/08 16:45:50
7_3.asm							     Page 1 - 1


				; PROGRAM: 7_1a.ASM
				;
				; AUTHOR: Calvin O. Ference
				;
				; DESCRIPTION:  Division program
				; 
				; 

				        ASSUME	cs:code, ds:data

 0000				code    SEGMENT
 0000				main    PROC   

 0000  B8 ---- R		init:	mov	ax,data
 0003  8E D8					mov	ds,ax
 0005  B8 0000					mov	ax,0
 0008  BB 0000					mov	bx,0
 000B  BA 0000					mov	dx,0 

 000E  A1 0000 R		start:	mov	ax,a
 0011  8B 1E 0006 R				mov	bx,b
 0015  F7 F3					div	bx
 0017  A3 000E R				mov	rez,ax
						
 001A  A1 0002 R				mov	ax,a+2
 001D  F7 F3					div	bx
 001F  A3 0010 R				mov	rez+2,ax
						
 0022  A1 0004 R				mov	ax,a+4
 0025  F7 F3					div	bx
 0027  A3 0012 R				mov	rez+4,ax
						
 002A  A1 000E R		endian:	mov	ax,rez
 002D  8A F8					mov	bh,al
 002F  8A DC					mov	bl,ah
 0031  A3 000E R				mov	rez,ax
 0034  A1 0010 R				mov	ax,rez+2
 0037  8A F8					mov	bh,al
 0039  8A DC					mov	bl,ah
 003B  A3 0010 R				mov	rez+2,ax
 003E  A1 0012 R				mov	ax,rez+4
 0041  8A F8					mov	bh,al
 0043  8A DC					mov	bl,ah
 0045  A3 0012 R				mov	rez+4,ax
						
 0048  B8 4C00			shi:	mov	ax,4c00h
 004B  CD 21					int	21h
					
 004D				main	ENDP
 004D				code	ENDS

 0000				data	SEGMENT
 0000 1234 5647 89AB		a		dw	1234h,5647h,89ABh
 0006 CDEF			b		dw	0CDEFh
 0008 0000 0000 0000		save	dw	0,0,0
 000E 0000 0000			rez		dw	0,0
 0012				data	ENDS

						END
Microsoft (R) Macro Assembler Version 6.11d		    10/22/08 16:45:50
7_3.asm							     Symbols 2 - 1




Segments and Groups:

                N a m e                 Size     Length   Align   Combine Class

code . . . . . . . . . . . . . .	16 Bit	 004D	  Para	  Private 
data . . . . . . . . . . . . . .	16 Bit	 0012	  Para	  Private 


Procedures,  parameters and locals:

                N a m e                 Type     Value    Attr

main . . . . . . . . . . . . . .	P Near	 0000	  code	Length= 004D Public
  init . . . . . . . . . . . . .	L Near	 0000	  code	
  start  . . . . . . . . . . . .	L Near	 000E	  code	
  endian . . . . . . . . . . . .	L Near	 002A	  code	
  shi  . . . . . . . . . . . . .	L Near	 0048	  code	


Symbols:

                N a m e                 Type     Value    Attr

a  . . . . . . . . . . . . . . .	Word	 0000	  data	
b  . . . . . . . . . . . . . . .	Word	 0006	  data	
rez  . . . . . . . . . . . . . .	Word	 000E	  data	
save . . . . . . . . . . . . . .	Word	 0008	  data	

	   0 Warnings
	   0 Errors
