Microsoft (R) Macro Assembler Version 6.11d		    10/26/08 11:53:22
7_2.asm							     Page 1 - 1


				; PROGRAM: 7_1a.ASM
				;
				; AUTHOR: Calvin O. Ference
				;
				; DESCRIPTION:  Division program
				; 
				; 

				        ASSUME	cs:code, ds:data

 0000				code    SEGMENT
 0000				main    PROC   

 0000  B8 ---- R		init:	mov	ax,data
 0003  8E D8					mov	ds,ax
 0005  B8 0000					mov	ax,0
 0008  BB 0000					mov	bx,0
 000B  BA 0000					mov	dx,0 

 000E  83 06 0002 R 03		start:	add	b,3
 0013  A1 0000 R				mov	ax,a
 0016  F7 26 0002 R				mul	b
 001A  89 16 0004 R				mov	save,dx
 001E  BB 000F					mov	bx,0fh
 0021  F7 E3					mul	bx
 0023  A3 0008 R				mov	save+4,ax
 0026  89 16 0006 R				mov	save+2,dx
 002A  A1 0004 R				mov	ax,save
 002D  F7 E3					mul	bx
 002F  03 06 0006 R				add	ax,save+2
 0033  BA 0000					mov	dx,0
 0036  BB 0008					mov	bx,8
 0039  F7 F3					div	bx
 003B  A3 000A R				mov	rez,ax
 003E  A1 0008 R				mov	ax,save+4

 0041  F7 F3					div	bx
 0043  A3 000C R				mov	rez+2,ax	
						
 0046  A1 000A R		endian:	mov	ax,rez
 0049  8A F8					mov	bh,al
 004B  8A DC					mov	bl,ah
 004D  89 1E 000A R				mov	rez,bx	
 0051  A1 000C R				mov	ax,rez+2
 0054  8A F8					mov	bh,al
 0056  8A DC					mov	bl,ah
 0058  89 1E 000C R				mov	rez+2,bx	;so it looks "nice"
						
 005C  B8 4C00			shi:	mov	ax,4c00h
 005F  CD 21					int	21h
					
 0061				main	ENDP
 0061				code	ENDS

 0000				data	SEGMENT
 0000 0001			a		dw	0001h
 0002 0001			b		dw	0001h
 0004 0000 0000 0000		save	dw	0,0,0
 000A 0000 0000			rez		dw	0,0
 000E				data	ENDS

						END
Microsoft (R) Macro Assembler Version 6.11d		    10/26/08 11:53:22
7_2.asm							     Symbols 2 - 1




Segments and Groups:

                N a m e                 Size     Length   Align   Combine Class

code . . . . . . . . . . . . . .	16 Bit	 0061	  Para	  Private 
data . . . . . . . . . . . . . .	16 Bit	 000E	  Para	  Private 


Procedures,  parameters and locals:

                N a m e                 Type     Value    Attr

main . . . . . . . . . . . . . .	P Near	 0000	  code	Length= 0061 Public
  init . . . . . . . . . . . . .	L Near	 0000	  code	
  start  . . . . . . . . . . . .	L Near	 000E	  code	
  endian . . . . . . . . . . . .	L Near	 0046	  code	
  shi  . . . . . . . . . . . . .	L Near	 005C	  code	


Symbols:

                N a m e                 Type     Value    Attr

a  . . . . . . . . . . . . . . .	Word	 0000	  data	
b  . . . . . . . . . . . . . . .	Word	 0002	  data	
rez  . . . . . . . . . . . . . .	Word	 000A	  data	
save . . . . . . . . . . . . . .	Word	 0004	  data	

	   0 Warnings
	   0 Errors
