Microsoft (R) Macro Assembler Version 6.11d		    10/21/08 20:00:13
6_2e.asm						     Page 1 - 1


				; PROGRAM: 6_1a.ASM
				;
				; AUTHOR: Calvin O. Ference
				;
				; DESCRIPTION:  Multiplication program
				; 
				; 

				        ASSUME	cs:code, ds:data

 0000				code    SEGMENT
 0000				main    PROC    
 0000  B8 ---- R		init:	mov	ax,data
 0003  8E D8					mov	ds,ax
 0005  B9 0000					mov	cx,0
 0008  BA 0000					mov	dx,0
						
 000B  A1 0002 R		start:		mov	ax,vara+2
 000E  8B 1E 0006 R				mov	bx,varb+2
 0012  F7 E3					mul	bx
 0014  A3 000E R				mov	rez+6,ax
 0017  8B CA					mov	cx,dx
 0019  A1 0000 R				mov	ax,vara
 001C  F7 E3					mul	bx
 001E  03 C1					add	ax,cx
 0020  83 D2 00					adc	dx,0
 0023  A3 0016 R				mov	save+6,ax
 0026  89 16 0014 R				mov	save+4,dx

 002A  A1 0006 R				mov	ax,vara+6
 002D  8B 1E 0004 R				mov	bx,varb
 0031  F7 E3					mul	bx
 0033  03 06 0016 R				add	ax,save+6
 0037  83 D2 00					adc	dx,0
 003A  A3 000C R				mov	rez+4,ax
 003D  8B CA					mov	cx,dx

 003F  A1 0000 R				mov	ax,vara
 0042  F7 E3					mul	bx
 0044  03 C8					add	cx,ax
 0046  83 D2 00					adc	dx,0
 0049  03 0E 0014 R				add	cx,save+4
 004D  83 D2 00					adc	dx,0
 0050  89 0E 000A R				mov	rez+2,cx
 0054  89 16 0008 R				mov	rez,dx
						
 0058  A1 000E R		endian:	mov	ax,rez+6
 005B  8A F8					mov bh,al
 005D  8A DC					mov bl,ah
 005F  89 1E 000E R				mov rez+6,bx
 0063  A1 000C R				mov ax,rez+4
 0066  8A F8					mov bh,al
 0068  8A DC					mov bl,ah
 006A  89 1E 000C R				mov rez+4,bx
 006E  A1 000A R				mov ax,rez+2
 0071  8A F8					mov bh,al
 0073  8A DC					mov bl,ah
 0075  89 1E 000A R				mov rez+2,bx
 0079  A1 0008 R				mov ax,rez
 007C  8A F8					mov bh,al
 007E  8A DC					mov bl,ah
 0080  89 1E 0008 R				mov rez,bx

 0084  B8 4C00			shi:	mov	ax,4c00h
 0087  CD 21					int	21h
 0089				main	ENDP
 0089				code	ENDS
						
						
 0000				data	SEGMENT
 0000 7FFF FFFF			vara	dw	07fffh,0ffffh
 0004 007F FFFF			varb	dw	007fh,0ffffh
 0008 0000 0000 0000 0000	rez		dw	0,0,0,0
 0010 0000 0000 0000 0000	save	dw	0,0,0,0
 0018				data	ENDS

						END
Microsoft (R) Macro Assembler Version 6.11d		    10/21/08 20:00:13
6_2e.asm						     Symbols 2 - 1




Segments and Groups:

                N a m e                 Size     Length   Align   Combine Class

code . . . . . . . . . . . . . .	16 Bit	 0089	  Para	  Private 
data . . . . . . . . . . . . . .	16 Bit	 0018	  Para	  Private 


Procedures,  parameters and locals:

                N a m e                 Type     Value    Attr

main . . . . . . . . . . . . . .	P Near	 0000	  code	Length= 0089 Public
  init . . . . . . . . . . . . .	L Near	 0000	  code	
  start  . . . . . . . . . . . .	L Near	 000B	  code	
  endian . . . . . . . . . . . .	L Near	 0058	  code	
  shi  . . . . . . . . . . . . .	L Near	 0084	  code	


Symbols:

                N a m e                 Type     Value    Attr

rez  . . . . . . . . . . . . . .	Word	 0008	  data	
save . . . . . . . . . . . . . .	Word	 0010	  data	
vara . . . . . . . . . . . . . .	Word	 0000	  data	
varb . . . . . . . . . . . . . .	Word	 0004	  data	

	   0 Warnings
	   0 Errors
