Microsoft (R) Macro Assembler Version 6.11d		    10/21/08 17:29:20
6_2f.asm						     Page 1 - 1


				; PROGRAM: 6_1a.ASM
				;
				; AUTHOR: Calvin O. Ference
				;
				; DESCRIPTION:  Multiplication program
				; 
				; 

				        ASSUME	cs:code, ds:data

 0000				code    SEGMENT
 0000				main    PROC    
 0000  B8 ---- R		init:	mov	ax,data
 0003  8E D8					mov	ds,ax
 0005  B9 0000					mov	cx,0
 0008  BA 0000					mov	dx,0
						
 000B  A1 0002 R		start:		mov	ax,vara+2
 000E  8B 1E 0006 R				mov	bx,varb+2
 0012  F7 E3					mul	bx
 0014  A3 000E R				mov	rez+6,ax
 0017  8B CA					mov	cx,dx

 0019  A1 0000 R				mov	ax,vara
 001C  F7 E3					mul	bx
 001E  03 C8					add	cx,ax
 0020  83 D2 00					adc	dx,0
 0023  89 0E 0010 R				mov	save,cx
 0027  89 16 0012 R				mov	save+2,dx

 002B  A1 0002 R				mov	ax,vara+2
 002E  8B 1E 0004 R				mov	bx,varb
 0032  F7 E3					mul	bx
 0034  03 06 0010 R				add	ax,save
 0038  13 16 0012 R				adc	dx,save+2
 003C  A3 000C R				mov	rez+4,ax
 003F  8B CA					mov	cx,dx
						
 0041  A1 0000 R				mov	ax,vara
 0044  F7 E3					mul	bx
 0046  03 C8					add	cx,ax
 0048  83 D2 00					adc	dx,0
 004B  03 0E 0012 R				add	cx,save+2
 004F  83 D2 00					adc	dx,0
 0052  89 16 0008 R				mov	rez,dx
 0056  89 0E 000A R				mov	rez+2,cx		

 005A  A1 000E R		endian:	mov	ax,rez+6
 005D  8A F8					mov bh,al
 005F  8A DC					mov bl,ah
 0061  89 1E 000E R				mov rez+6,bx
 0065  A1 000C R				mov ax,rez+4
 0068  8A F8					mov bh,al
 006A  8A DC					mov bl,ah
 006C  89 1E 000C R				mov rez+4,bx
 0070  A1 000A R				mov ax,rez+2
 0073  8A F8					mov bh,al
 0075  8A DC					mov bl,ah
 0077  89 1E 000A R				mov rez+2,bx
 007B  A1 0008 R				mov ax,rez
 007E  8A F8					mov bh,al
 0080  8A DC					mov bl,ah
 0082  89 1E 0008 R				mov rez,bx


 0086  B8 4C00			shi:	mov	ax,4c00h
 0089  CD 21					int	21h
 008B				main	ENDP
 008B				code	ENDS
						
						
 0000				data	SEGMENT
 0000 FFFF FFFF			vara	dw	0ffffh,0ffffh
 0004 00FF FFFF			varb	dw	00ffh,0ffffh
 0008 0000 0000 0000 0000	rez		dw	0,0,0,0
 0010 0000 0000 0000 0000	save	dw	0,0,0,0
 0018				data	ENDS

						END
Microsoft (R) Macro Assembler Version 6.11d		    10/21/08 17:29:20
6_2f.asm						     Symbols 2 - 1




Segments and Groups:

                N a m e                 Size     Length   Align   Combine Class

code . . . . . . . . . . . . . .	16 Bit	 008B	  Para	  Private 
data . . . . . . . . . . . . . .	16 Bit	 0018	  Para	  Private 


Procedures,  parameters and locals:

                N a m e                 Type     Value    Attr

main . . . . . . . . . . . . . .	P Near	 0000	  code	Length= 008B Public
  init . . . . . . . . . . . . .	L Near	 0000	  code	
  start  . . . . . . . . . . . .	L Near	 000B	  code	
  endian . . . . . . . . . . . .	L Near	 005A	  code	
  shi  . . . . . . . . . . . . .	L Near	 0086	  code	


Symbols:

                N a m e                 Type     Value    Attr

rez  . . . . . . . . . . . . . .	Word	 0008	  data	
save . . . . . . . . . . . . . .	Word	 0010	  data	
vara . . . . . . . . . . . . . .	Word	 0000	  data	
varb . . . . . . . . . . . . . .	Word	 0004	  data	

	   0 Warnings
	   0 Errors
