2008.10.27 19:33 B C:\Documents and Settings\Daniel\My Documents\Downloads\Dawson\Digital Systems  243-314-92\ASM PDF\aoaIndex.pdf <-- DC1 /Digital Systems  243-314-92/ASM PDF aoaIndex.pdf
2008.10.27 19:33 B C:\Documents and Settings\Daniel\My Documents\Downloads\Dawson\Digital Systems  243-314-92\ASM PDF\aoaTOC1.pdf <-- DC1 /Digital Systems  243-314-92/ASM PDF aoaTOC1.pdf
2008.10.27 19:33 B C:\Documents and Settings\Daniel\My Documents\Downloads\Dawson\Digital Systems  243-314-92\ASM PDF\aoaTOC2.pdf <-- DC1 /Digital Systems  243-314-92/ASM PDF aoaTOC2.pdf
2008.10.27 19:33 B C:\Documents and Settings\Daniel\My Documents\Downloads\Dawson\Digital Systems  243-314-92\ASM PDF\apndxb.pdf <-- DC1 /Digital Systems  243-314-92/ASM PDF apndxb.pdf
2008.10.27 19:33 B C:\Documents and Settings\Daniel\My Documents\Downloads\Dawson\Digital Systems  243-314-92\ASM PDF\apndxc.pdf <-- DC1 /Digital Systems  243-314-92/ASM PDF apndxc.pdf
2008.10.27 19:33 B C:\Documents and Settings\Daniel\My Documents\Downloads\Dawson\Digital Systems  243-314-92\ASM PDF\apndxd.pdf <-- DC1 /Digital Systems  243-314-92/ASM PDF apndxd.pdf
2008.10.27 19:33 B C:\Documents and Settings\Daniel\My Documents\Downloads\Dawson\Digital Systems  243-314-92\ASM PDF\ch01.pdf <-- DC1 /Digital Systems  243-314-92/ASM PDF ch01.pdf
2008.10.27 19:33 B C:\Documents and Settings\Daniel\My Documents\Downloads\Dawson\Digital Systems  243-314-92\ASM PDF\ch02.pdf <-- DC1 /Digital Systems  243-314-92/ASM PDF ch02.pdf
2008.10.27 19:34 B C:\Documents and Settings\Daniel\My Documents\Downloads\Dawson\Digital Systems  243-314-92\ASM PDF\ch03.pdf <-- DC1 /Digital Systems  243-314-92/ASM PDF ch03.pdf
2008.10.27 19:34 B C:\Documents and Settings\Daniel\My Documents\Downloads\Dawson\Digital Systems  243-314-92\ASM PDF\ch04.pdf <-- DC1 /Digital Systems  243-314-92/ASM PDF ch04.pdf
2008.10.27 19:34 B C:\Documents and Settings\Daniel\My Documents\Downloads\Dawson\Digital Systems  243-314-92\ASM PDF\ch05.pdf <-- DC1 /Digital Systems  243-314-92/ASM PDF ch05.pdf
2008.10.27 19:34 B C:\Documents and Settings\Daniel\My Documents\Downloads\Dawson\Digital Systems  243-314-92\ASM PDF\ch06.pdf <-- DC1 /Digital Systems  243-314-92/ASM PDF ch06.pdf
2008.10.27 19:34 B C:\Documents and Settings\Daniel\My Documents\Downloads\Dawson\Digital Systems  243-314-92\ASM PDF\ch07.pdf <-- DC1 /Digital Systems  243-314-92/ASM PDF ch07.pdf
2008.10.27 19:34 B C:\Documents and Settings\Daniel\My Documents\Downloads\Dawson\Digital Systems  243-314-92\ASM PDF\ch08.pdf <-- DC1 /Digital Systems  243-314-92/ASM PDF ch08.pdf
2008.10.27 19:34 B C:\Documents and Settings\Daniel\My Documents\Downloads\Dawson\Digital Systems  243-314-92\ASM PDF\ch09.pdf <-- DC1 /Digital Systems  243-314-92/ASM PDF ch09.pdf
2008.10.27 19:34 B C:\Documents and Settings\Daniel\My Documents\Downloads\Dawson\Digital Systems  243-314-92\ASM PDF\ch10.pdf <-- DC1 /Digital Systems  243-314-92/ASM PDF ch10.pdf
2008.10.27 19:34 B C:\Documents and Settings\Daniel\My Documents\Downloads\Dawson\Digital Systems  243-314-92\ASM PDF\ch11.pdf <-- DC1 /Digital Systems  243-314-92/ASM PDF ch11.pdf
2008.10.27 19:34 B C:\Documents and Settings\Daniel\My Documents\Downloads\Dawson\Digital Systems  243-314-92\ASM PDF\ch12.pdf <-- DC1 /Digital Systems  243-314-92/ASM PDF ch12.pdf
2008.10.27 19:34 B C:\Documents and Settings\Daniel\My Documents\Downloads\Dawson\Digital Systems  243-314-92\ASM PDF\ch13.pdf <-- DC1 /Digital Systems  243-314-92/ASM PDF ch13.pdf
2008.10.27 19:34 B C:\Documents and Settings\Daniel\My Documents\Downloads\Dawson\Digital Systems  243-314-92\ASM PDF\ch14.pdf <-- DC1 /Digital Systems  243-314-92/ASM PDF ch14.pdf
2008.10.27 19:34 B C:\Documents and Settings\Daniel\My Documents\Downloads\Dawson\Digital Systems  243-314-92\ASM PDF\ch15.pdf <-- DC1 /Digital Systems  243-314-92/ASM PDF ch15.pdf
2008.10.27 19:34 B C:\Documents and Settings\Daniel\My Documents\Downloads\Dawson\Digital Systems  243-314-92\ASM PDF\ch16.pdf <-- DC1 /Digital Systems  243-314-92/ASM PDF ch16.pdf
2008.10.27 19:34 B C:\Documents and Settings\Daniel\My Documents\Downloads\Dawson\Digital Systems  243-314-92\ASM PDF\ch17.pdf <-- DC1 /Digital Systems  243-314-92/ASM PDF ch17.pdf
2008.10.27 19:34 B C:\Documents and Settings\Daniel\My Documents\Downloads\Dawson\Digital Systems  243-314-92\ASM PDF\ch18.pdf <-- DC1 /Digital Systems  243-314-92/ASM PDF ch18.pdf
2008.10.27 19:34 B C:\Documents and Settings\Daniel\My Documents\Downloads\Dawson\Digital Systems  243-314-92\ASM PDF\ch19.pdf <-- DC1 /Digital Systems  243-314-92/ASM PDF ch19.pdf
2008.10.27 19:34 B C:\Documents and Settings\Daniel\My Documents\Downloads\Dawson\Digital Systems  243-314-92\ASM PDF\ch20.pdf <-- DC1 /Digital Systems  243-314-92/ASM PDF ch20.pdf
2008.10.27 19:34 B C:\Documents and Settings\Daniel\My Documents\Downloads\Dawson\Digital Systems  243-314-92\ASM PDF\ch21.pdf <-- DC1 /Digital Systems  243-314-92/ASM PDF ch21.pdf
2008.10.27 19:34 B C:\Documents and Settings\Daniel\My Documents\Downloads\Dawson\Digital Systems  243-314-92\ASM PDF\ch22.pdf <-- DC1 /Digital Systems  243-314-92/ASM PDF ch22.pdf
2008.10.27 19:34 B C:\Documents and Settings\Daniel\My Documents\Downloads\Dawson\Digital Systems  243-314-92\ASM PDF\ch23.pdf <-- DC1 /Digital Systems  243-314-92/ASM PDF ch23.pdf
2008.10.27 19:34 B C:\Documents and Settings\Daniel\My Documents\Downloads\Dawson\Digital Systems  243-314-92\ASM PDF\ch24.pdf <-- DC1 /Digital Systems  243-314-92/ASM PDF ch24.pdf
2008.10.27 19:34 B C:\Documents and Settings\Daniel\My Documents\Downloads\Dawson\Digital Systems  243-314-92\ASM PDF\ch25.pdf <-- DC1 /Digital Systems  243-314-92/ASM PDF ch25.pdf
2008.10.27 19:34 B C:\Documents and Settings\Daniel\My Documents\Downloads\Dawson\Digital Systems  243-314-92\ASM PDF\foreward.pdf <-- DC1 /Digital Systems  243-314-92/ASM PDF foreward.pdf
